Category: 央视频道, Name: CCTV-1, Total: 448, Valid: 2, Valid Percent: 0.45%, Whitelist: 0, IPv4: 2, IPv6: 446, Min Delay: 150 ms, Max Speed: 4.86 M/s, Avg Speed: 4.25 M/s, Max Resolution: 1920x1080
Category: 央视频道, Name: CCTV-2, Total: 432, Valid: 7, Valid Percent: 1.62%, Whitelist: 0, IPv4: 7, IPv6: 425, Min Delay: 137 ms, Max Speed: 4.55 M/s, Avg Speed: 4.07 M/s, Max Resolution: 1920x1080
Category: 央视频道, Name: CCTV-3, Total: 400, Valid: 5, Valid Percent: 1.25%, Whitelist: 0, IPv4: 5, IPv6: 395, Min Delay: 103 ms, Max Speed: 6.30 M/s, Avg Speed: 4.81 M/s, Max Resolution: 1920x1080
Category: 央视频道, Name: CCTV-4, Total: 606, Valid: 19, Valid Percent: 3.14%, Whitelist: 0, IPv4: 19, IPv6: 587, Min Delay: 50 ms, Max Speed: 11.31 M/s, Avg Speed: 5.43 M/s, Max Resolution: 1920x1080
Category: 央视频道, Name: CCTV-5, Total: 539, Valid: 3, Valid Percent: 0.56%, Whitelist: 0, IPv4: 3, IPv6: 536, Min Delay: 96 ms, Max Speed: 5.86 M/s, Avg Speed: 5.23 M/s, Max Resolution: 1920x1080
Category: 央视频道, Name: CCTV-5+, Total: 320, Valid: 1, Valid Percent: 0.31%, Whitelist: 0, IPv4: 1, IPv6: 319, Min Delay: 540 ms, Max Speed: 0.02 M/s, Avg Speed: 0.02 M/s, Max Resolution: 1920x1080
Category: 央视频道, Name: CCTV-6, Total: 412, Valid: 2, Valid Percent: 0.49%, Whitelist: 0, IPv4: 2, IPv6: 410, Min Delay: 46 ms, Max Speed: 12.99 M/s, Avg Speed: 6.54 M/s, Max Resolution: 1920x1080
Category: 央视频道, Name: CCTV-7, Total: 406, Valid: 1, Valid Percent: 0.25%, Whitelist: 0, IPv4: 1, IPv6: 405, Min Delay: 84 ms, Max Speed: 7.57 M/s, Avg Speed: 7.57 M/s, Max Resolution: 1920x1080
Category: 央视频道, Name: CCTV-8, Total: 414, Valid: 13, Valid Percent: 3.14%, Whitelist: 0, IPv4: 13, IPv6: 401, Min Delay: 48 ms, Max Speed: 13.51 M/s, Avg Speed: 7.90 M/s, Max Resolution: 1920x1080
Category: 央视频道, Name: CCTV-9, Total: 395, Valid: 3, Valid Percent: 0.76%, Whitelist: 0, IPv4: 3, IPv6: 392, Min Delay: 58 ms, Max Speed: 9.70 M/s, Avg Speed: 6.32 M/s, Max Resolution: 1920x1080
Category: 央视频道, Name: CCTV-10, Total: 404, Valid: 4, Valid Percent: 0.99%, Whitelist: 0, IPv4: 4, IPv6: 400, Min Delay: 53 ms, Max Speed: 11.64 M/s, Avg Speed: 6.01 M/s, Max Resolution: 1920x1080
Category: 央视频道, Name: CCTV-11, Total: 399, Valid: 6, Valid Percent: 1.50%, Whitelist: 0, IPv4: 6, IPv6: 393, Min Delay: 41 ms, Max Speed: 14.09 M/s, Avg Speed: 9.09 M/s, Max Resolution: 1920x1080
Category: 央视频道, Name: CCTV-12, Total: 410, Valid: 3, Valid Percent: 0.73%, Whitelist: 0, IPv4: 3, IPv6: 407, Min Delay: 36 ms, Max Speed: 15.67 M/s, Avg Speed: 10.02 M/s, Max Resolution: 1920x1080
Category: 央视频道, Name: CCTV-13, Total: 475, Valid: 10, Valid Percent: 2.11%, Whitelist: 0, IPv4: 10, IPv6: 465, Min Delay: 35 ms, Max Speed: 16.05 M/s, Avg Speed: 13.73 M/s, Max Resolution: 1920x1080
Category: 央视频道, Name: CCTV-14, Total: 407, Valid: 7, Valid Percent: 1.72%, Whitelist: 0, IPv4: 7, IPv6: 400, Min Delay: 37 ms, Max Speed: 14.75 M/s, Avg Speed: 11.16 M/s, Max Resolution: 1920x1080
Category: 央视频道, Name: CCTV-15, Total: 392, Valid: 1, Valid Percent: 0.26%, Whitelist: 0, IPv4: 1, IPv6: 391, Min Delay: 39 ms, Max Speed: 13.80 M/s, Avg Speed: 13.80 M/s, Max Resolution: 1920x1080
Category: 央视频道, Name: CCTV-16, Total: 96, Valid: 3, Valid Percent: 3.12%, Whitelist: 0, IPv4: 4, IPv6: 92, Min Delay: 36 ms, Max Speed: 16.49 M/s, Avg Speed: 11.53 M/s, Max Resolution: 1920x1080
Category: 央视频道, Name: CCTV-17, Total: 402, Valid: 4, Valid Percent: 1.00%, Whitelist: 0, IPv4: 4, IPv6: 398, Min Delay: 37 ms, Max Speed: 16.03 M/s, Avg Speed: 12.36 M/s, Max Resolution: 1920x1080
Category: 卫视频道, Name: 广东卫视, Total: 748, Valid: 0, Valid Percent: 0.00%, Whitelist: 0, IPv4: 0, IPv6: 748, Min Delay: -1 ms, Max Speed: 0.00 M/s, Avg Speed: 0.00 M/s, Max Resolution: None
Category: 卫视频道, Name: 浙江卫视, Total: 738, Valid: 1, Valid Percent: 0.14%, Whitelist: 0, IPv4: 1, IPv6: 737, Min Delay: 462 ms, Max Speed: 0.00 M/s, Avg Speed: 0.00 M/s, Max Resolution: None
Category: 卫视频道, Name: 湖南卫视, Total: 702, Valid: 5, Valid Percent: 0.71%, Whitelist: 0, IPv4: 5, IPv6: 697, Min Delay: 41 ms, Max Speed: 15.88 M/s, Avg Speed: 10.68 M/s, Max Resolution: 1920x1080
Category: 卫视频道, Name: 北京卫视, Total: 859, Valid: 2, Valid Percent: 0.23%, Whitelist: 0, IPv4: 2, IPv6: 857, Min Delay: 44 ms, Max Speed: 17.62 M/s, Avg Speed: 9.90 M/s, Max Resolution: 1920x1080
Category: 卫视频道, Name: 安徽卫视, Total: 538, Valid: 0, Valid Percent: 0.00%, Whitelist: 0, IPv4: 0, IPv6: 538, Min Delay: -1 ms, Max Speed: 0.00 M/s, Avg Speed: 0.00 M/s, Max Resolution: None
Category: 卫视频道, Name: 重庆卫视, Total: 698, Valid: 0, Valid Percent: 0.00%, Whitelist: 0, IPv4: 0, IPv6: 698, Min Delay: -1 ms, Max Speed: 0.00 M/s, Avg Speed: 0.00 M/s, Max Resolution: None
Category: 卫视频道, Name: 东方卫视, Total: 747, Valid: 0, Valid Percent: 0.00%, Whitelist: 0, IPv4: 0, IPv6: 747, Min Delay: -1 ms, Max Speed: 0.00 M/s, Avg Speed: 0.00 M/s, Max Resolution: None
Category: 卫视频道, Name: 东南卫视, Total: 568, Valid: 3, Valid Percent: 0.53%, Whitelist: 0, IPv4: 3, IPv6: 565, Min Delay: 44 ms, Max Speed: 13.53 M/s, Avg Speed: 5.54 M/s, Max Resolution: 1920x1080
Category: 卫视频道, Name: 河南卫视, Total: 779, Valid: 4, Valid Percent: 0.51%, Whitelist: 0, IPv4: 4, IPv6: 775, Min Delay: 45 ms, Max Speed: 5.22 M/s, Avg Speed: 4.33 M/s, Max Resolution: 1920x1080
Category: 卫视频道, Name: 江苏卫视, Total: 866, Valid: 0, Valid Percent: 0.00%, Whitelist: 0, IPv4: 0, IPv6: 866, Min Delay: -1 ms, Max Speed: 0.00 M/s, Avg Speed: 0.00 M/s, Max Resolution: None
Category: 卫视频道, Name: 山东卫视, Total: 530, Valid: 2, Valid Percent: 0.38%, Whitelist: 0, IPv4: 2, IPv6: 528, Min Delay: 44 ms, Max Speed: 16.31 M/s, Avg Speed: 9.25 M/s, Max Resolution: 1920x1080
Category: 卫视频道, Name: 四川卫视, Total: 511, Valid: 3, Valid Percent: 0.59%, Whitelist: 0, IPv4: 3, IPv6: 508, Min Delay: 42 ms, Max Speed: 12.84 M/s, Avg Speed: 8.28 M/s, Max Resolution: 1920x1080
Category: 卫视频道, Name: 天津卫视, Total: 575, Valid: 0, Valid Percent: 0.00%, Whitelist: 0, IPv4: 0, IPv6: 575, Min Delay: -1 ms, Max Speed: 0.00 M/s, Avg Speed: 0.00 M/s, Max Resolution: None
Category: 卫视频道, Name: 广东新闻, Total: 89, Valid: 0, Valid Percent: 0.00%, Whitelist: 0, IPv4: 0, IPv6: 89, Min Delay: -1 ms, Max Speed: 0.00 M/s, Avg Speed: 0.00 M/s, Max Resolution: None
Category: 卫视频道, Name: 广州综合, Total: 5, Valid: 0, Valid Percent: 0.00%, Whitelist: 0, IPv4: 0, IPv6: 5, Min Delay: -1 ms, Max Speed: 0.00 M/s, Avg Speed: 0.00 M/s, Max Resolution: None
Category: 卫视频道, Name: 广州新闻, Total: 5, Valid: 0, Valid Percent: 0.00%, Whitelist: 0, IPv4: 0, IPv6: 5, Min Delay: -1 ms, Max Speed: 0.00 M/s, Avg Speed: 0.00 M/s, Max Resolution: None
Category: 卫视频道, Name: 求索纪录, Total: 3, Valid: 0, Valid Percent: 0.00%, Whitelist: 0, IPv4: 0, IPv6: 3, Min Delay: -1 ms, Max Speed: 0.00 M/s, Avg Speed: 0.00 M/s, Max Resolution: None
Category: 卫视频道, Name: 求索科学, Total: 1, Valid: 0, Valid Percent: 0.00%, Whitelist: 0, IPv4: 0, IPv6: 1, Min Delay: -1 ms, Max Speed: 0.00 M/s, Avg Speed: 0.00 M/s, Max Resolution: None
Category: 卫视频道, Name: 金鹰纪实, Total: 14, Valid: 0, Valid Percent: 0.00%, Whitelist: 0, IPv4: 0, IPv6: 14, Min Delay: -1 ms, Max Speed: 0.00 M/s, Avg Speed: 0.00 M/s, Max Resolution: None
